<?xml version="1.0" encoding="UTF-8"?>
<testng-results ignored="0" total="1" passed="1" failed="0" skipped="0">
  <reporter-output>
  </reporter-output>
  <suite started-at="2024-03-24T12:35:47 IST" name="Default suite" finished-at="2024-03-24T12:36:40 IST" duration-ms="52852">
    <groups>
      <group name="SmokeSuite">
        <method signature="Opportunities.test()[pri:0, instance:TestScript.Opportunities@8458f04]" name="test" class="TestScript.Opportunities"/>
      </group> <!-- SmokeSuite -->
    </groups>
    <test started-at="2024-03-24T12:35:47 IST" name="Default test" finished-at="2024-03-24T12:36:40 IST" duration-ms="52852">
      <class name="TestScript.Opportunities">
        <test-method is-config="true" signature="DBconnection()[pri:0, instance:TestScript.Opportunities@8458f04]" started-at="2024-03-24T12:35:47 IST" name="DBconnection" finished-at="2024-03-24T12:35:47 IST" duration-ms="10" status="PASS">
          <reporter-output>
          </reporter-output>
        </test-method> <!-- DBconnection -->
        <test-method is-config="true" signature="launchBrowser()[pri:0, instance:TestScript.Opportunities@8458f04]" started-at="2024-03-24T12:35:47 IST" name="launchBrowser" finished-at="2024-03-24T12:35:49 IST" duration-ms="1842" status="PASS">
          <reporter-output>
          </reporter-output>
        </test-method> <!-- launchBrowser -->
        <test-method is-config="true" signature="logInToApp()[pri:0, instance:TestScript.Opportunities@8458f04]" started-at="2024-03-24T12:35:49 IST" name="logInToApp" finished-at="2024-03-24T12:35:58 IST" duration-ms="9128" status="PASS">
          <reporter-output>
          </reporter-output>
        </test-method> <!-- logInToApp -->
        <test-method signature="test()[pri:0, instance:TestScript.Opportunities@8458f04]" started-at="2024-03-24T12:35:58 IST" name="test" finished-at="2024-03-24T12:36:32 IST" duration-ms="33833" status="PASS">
          <reporter-output>
          </reporter-output>
        </test-method> <!-- test -->
        <test-method is-config="true" signature="signOut()[pri:0, instance:TestScript.Opportunities@8458f04]" started-at="2024-03-24T12:36:36 IST" name="signOut" finished-at="2024-03-24T12:36:40 IST" duration-ms="3170" status="PASS">
          <reporter-output>
          </reporter-output>
        </test-method> <!-- signOut -->
        <test-method is-config="true" signature="browserClose()[pri:0, instance:TestScript.Opportunities@8458f04]" started-at="2024-03-24T12:36:40 IST" name="browserClose" finished-at="2024-03-24T12:36:40 IST" duration-ms="356" status="PASS">
          <reporter-output>
          </reporter-output>
        </test-method> <!-- browserClose -->
        <test-method is-config="true" signature="DBclose()[pri:0, instance:TestScript.Opportunities@8458f04]" started-at="2024-03-24T12:36:41 IST" name="DBclose" finished-at="2024-03-24T12:36:41 IST" duration-ms="0" status="PASS">
          <reporter-output>
          </reporter-output>
        </test-method> <!-- DBclose -->
      </class> <!-- TestScript.Opportunities -->
    </test> <!-- Default test -->
  </suite> <!-- Default suite -->
</testng-results>
